Arguments: 
  C:\Program Files\nodejs\node.exe C:\Program Files (x86)\Yarn\bin\yarn.js install

PATH: 
  C:\Python27\;C:\Python27\Scripts;c:\program files\graphicsmagick-1.3.24-q16;C:\Program Files\Microsoft MPI\Bin\;C:\Windows\system32;C:\Windows;C:\Windows\System32\Wbem;C:\Windows\System32\WindowsPowerShell\v1.0\;C:\Users\Sebastian Appler\.dnx\bin;C:\Program Files\Microsoft DNX\Dnvm\;C:\Program Files\Microsoft SQL Server\120\Tools\Binn\;C:\Program Files\Microsoft SQL Server\130\Tools\Binn\;C:\Program Files (x86)\Microsoft SQL Server\130\Tools\Binn\;C:\Program Files (x86)\Microsoft SQL Server\130\DTS\Binn\;C:\Program Files (x86)\Microsoft SQL Server\Client SDK\ODBC\130\Tools\Binn\;C:\Program Files (x86)\Microsoft SQL Server\130\Tools\Binn\ManagementStudio\;C:\Program Files\TortoiseHg\;C:\ProgramData\chocolatey\bin;C:\Program Files (x86)\NVIDIA Corporation\PhysX\Common;C:\Program Files\Microsoft\Web Platform Installer\;C:\Program Files (x86)\FontForgeBuilds\bin;C:\Program Files (x86)\ngrok;C:\Program Files (x86)\Microsoft ASP.NET\ASP.NET Web Pages\v1.0\;C:\Program Files\Microsoft SQL Server\110\Tools\Binn\;C:\Program Files (x86)\Microsoft SQL Server\110\DTS\Binn\;C:\Program Files (x86)\Microsoft SQL Server\120\DTS\Binn\;C:\Program Files (x86)\GnuWin32\bin;C:\Program Files\010 Editor;C:\Program Files\Microsoft SQL Server\130\DTS\Binn\;C:\Program Files\Microsoft SQL Server\Client SDK\ODBC\130\Tools\Binn\;C:\Program Files\TortoiseSVN\bin;C:\Program Files\TortoiseGit\bin;C:\Program Files\dotnet\;C:\Program Files (x86)\Skype\Phone\;C:\Program Files (x86)\Microsoft SQL Server\140\Tools\Binn\;C:\Program Files (x86)\Microsoft SQL Server\140\DTS\Binn\;C:\Program Files (x86)\Microsoft SQL Server\140\Tools\Binn\ManagementStudio\;C:\Program Files\Git\cmd;C:\Program Files\nodejs\;C:\Program Files (x86)\Yarn\bin;C:\Ruby22-x64\bin;C:\Users\sapp\AppData\Local\Microsoft\WindowsApps;C:\Program Files (x86)\Microsoft VS Code\bin;C:\Users\sapp\AppData\Local\atom\bin;C:\Users\sapp\AppData\Roaming\npm;C:\Users\sapp\AppData\Local\Yarn\bin

Yarn version: 
  0.27.5

Node version: 
  8.1.4

Platform: 
  win32 x64

npm manifest: 
  {
    "name": "Spinit.Stack.CMS",
    "version": "1.0.0",
    "description": "",
    "main": "index.js",
    "scripts": {
      "test": "echo \"Error: no test specified\" && exit 1"
    },
    "author": "",
    "license": "ISC",
    "dependencies": {
      "@types/react": "^15.0.32",
      "font-awesome": "^4.7.0"
    },
    "devDependencies": {
      "babel-core": "^6.24.1",
      "babel-loader": "^7.0.0",
      "babel-preset-es2015": "^6.24.1",
      "babel-preset-react": "^6.24.1",
      "bootstrap-sass": "^3.3.7",
      "css-loader": "^0.28.4",
      "extract-text-webpack-plugin": "^2.1.2",
      "file-loader": "^0.11.2",
      "font-awesome-webpack": "0.0.5-beta.2",
      "jscs-require-space-inside-curly-braces": "0.0.3",
      "node-sass": "^4.5.3",
      "open": "0.0.5",
      "path": "^0.12.7",
      "postcss-loader": "^2.0.6",
      "react": "^15.6.1",
      "react-dom": "^15.6.1",
      "resolve-url-loader": "^2.1.0",
      "sass-loader": "^6.0.6",
      "stream-series": "^0.1.1",
      "style-loader": "^0.18.2",
      "ts-loader": "^2.2.0",
      "typescript": "^2.3.4",
      "typings": "^2.1.1",
      "url-loader": "^0.5.9",
      "webpack": "^2.6.1",
      "webpack-combine-loaders": "^2.0.3",
      "webpack-dev-server": "^2.4.5"
    }
  }

yarn manifest: 
  No manifest

Lockfile: 
  No lockfile

Trace: 
  Error: ENOENT: no such file or directory, open 'C:\Develop\StackCMS\NewStack\stack-cms\Spinit.Stack.CMS\node_modules\del\node_modules\pify\index.js'
